[debug] [2024-05-21T14:53:07.607Z] ----------------------------------------------------------------------
[debug] [2024-05-21T14:53:07.608Z] Command:       C:\Program Files\nodejs\node.exe C:\Users\Mattia\Progetti\wlp2s0\cycletowork\server_app\functions\node_modules\firebase-tools\lib\bin\firebase.js emulators:start --only functions
[debug] [2024-05-21T14:53:07.609Z] CLI Version:   11.30.0
[debug] [2024-05-21T14:53:07.609Z] Platform:      win32
[debug] [2024-05-21T14:53:07.609Z] Node Version:  v18.20.2
[debug] [2024-05-21T14:53:07.610Z] Time:          Tue May 21 2024 16:53:07 GMT+0200 (Central European Summer Time)
[debug] [2024-05-21T14:53:07.610Z] ----------------------------------------------------------------------
[debug] 
[debug] [2024-05-21T14:53:07.613Z] >>> [apiv2][query] GET https://firebase-public.firebaseio.com/cli.json [none]
[debug] [2024-05-21T14:53:07.717Z] > command requires scopes: ["email","openid","https://www.googleapis.com/auth/cloudplatformprojects.readonly","https://www.googleapis.com/auth/firebase","https://www.googleapis.com/auth/cloud-platform"]
[debug] [2024-05-21T14:53:07.717Z] > authorizing via signed-in user (gmattiacampagna@gmail.com)
[info] i  emulators: Starting emulators: functions {"metadata":{"emulator":{"name":"hub"},"message":"Starting emulators: functions"}}
[debug] [2024-05-21T14:53:07.726Z] [logging] Logging Emulator only supports listening on one address (127.0.0.1). Not listening on ::1
[debug] [2024-05-21T14:53:07.726Z] assigned listening specs for emulators {"user":{"hub":[{"address":"127.0.0.1","family":"IPv4","port":4400},{"address":"::1","family":"IPv6","port":4400}],"ui":[{"address":"127.0.0.1","family":"IPv4","port":4000},{"address":"::1","family":"IPv6","port":4000}],"logging":[{"address":"127.0.0.1","family":"IPv4","port":4500}]},"metadata":{"message":"assigned listening specs for emulators"}}
[warn] !  emulators: It seems that you are running multiple instances of the emulator suite for project cycletowork-f0eac. This may result in unexpected behavior. 
[debug] [2024-05-21T14:53:07.733Z] [hub] writing locator at C:\Users\Mattia\AppData\Local\Temp\hub-cycletowork-f0eac.json
[debug] [2024-05-21T14:53:07.743Z] [functions] Functions Emulator only supports listening on one address (127.0.0.1). Not listening on ::1
[debug] [2024-05-21T14:53:07.744Z] [eventarc] Eventarc Emulator only supports listening on one address (127.0.0.1). Not listening on ::1
[debug] [2024-05-21T14:53:07.744Z] late-assigned ports for functions and eventarc emulators {"user":{"hub":[{"address":"127.0.0.1","family":"IPv4","port":4400},{"address":"::1","family":"IPv6","port":4400}],"ui":[{"address":"127.0.0.1","family":"IPv4","port":4000},{"address":"::1","family":"IPv6","port":4000}],"logging":[{"address":"127.0.0.1","family":"IPv4","port":4500}],"functions":[{"address":"127.0.0.1","family":"IPv4","port":5001}],"eventarc":[{"address":"127.0.0.1","family":"IPv4","port":9299}]},"metadata":{"message":"late-assigned ports for functions and eventarc emulators"}}
[warn] !  functions: The following emulators are not running, calls to these services from the Functions emulator will affect production: auth, firestore, database, hosting, pubsub, storage {"metadata":{"emulator":{"name":"functions"},"message":"The following emulators are not running, calls to these services from the Functions emulator will affect production: \u001b[1mauth, firestore, database, hosting, pubsub, storage\u001b[22m"}}
[debug] [2024-05-21T14:53:07.748Z] defaultcredentials: writing to file C:\Users\Mattia\AppData\Roaming\firebase\gmattiacampagna_gmail_com_application_default_credentials.json
[debug] [2024-05-21T14:53:07.760Z] Setting GAC to C:\Users\Mattia\AppData\Roaming\firebase\gmattiacampagna_gmail_com_application_default_credentials.json {"metadata":{"emulator":{"name":"functions"},"message":"Setting GAC to C:\\Users\\Mattia\\AppData\\Roaming\\firebase\\gmattiacampagna_gmail_com_application_default_credentials.json"}}
[debug] [2024-05-21T14:53:07.761Z] > refreshing access token with scopes: []
[debug] [2024-05-21T14:53:07.763Z] >>> [apiv2][query] POST https://www.googleapis.com/oauth2/v3/token [none]
[debug] [2024-05-21T14:53:07.763Z] >>> [apiv2][body] POST https://www.googleapis.com/oauth2/v3/token [omitted]
[debug] [2024-05-21T14:53:07.890Z] <<< [apiv2][status] POST https://www.googleapis.com/oauth2/v3/token 200
[debug] [2024-05-21T14:53:07.890Z] <<< [apiv2][body] POST https://www.googleapis.com/oauth2/v3/token [omitted]
[debug] [2024-05-21T14:53:07.910Z] >>> [apiv2][query] GET https://firebase.googleapis.com/v1beta1/projects/cycletowork-f0eac/adminSdkConfig [none]
[debug] [2024-05-21T14:53:08.014Z] <<< [apiv2][status] GET https://firebase-public.firebaseio.com/cli.json 200
[debug] [2024-05-21T14:53:08.015Z] <<< [apiv2][body] GET https://firebase-public.firebaseio.com/cli.json {"cloudBuildErrorAfter":1594252800000,"cloudBuildWarnAfter":1590019200000,"defaultNode10After":1594252800000,"minVersion":"3.0.5","node8DeploysDisabledAfter":1613390400000,"node8RuntimeDisabledAfter":1615809600000,"node8WarnAfter":1600128000000}
[debug] [2024-05-21T14:53:08.651Z] <<< [apiv2][status] GET https://firebase.googleapis.com/v1beta1/projects/cycletowork-f0eac/adminSdkConfig 200
[debug] [2024-05-21T14:53:08.651Z] <<< [apiv2][body] GET https://firebase.googleapis.com/v1beta1/projects/cycletowork-f0eac/adminSdkConfig {"projectId":"cycletowork-f0eac","storageBucket":"cycletowork-f0eac.appspot.com","locationId":"europe-west6"}
[info] i  ui: downloading ui-v1.11.6.zip... {"metadata":{"emulator":{"name":"ui"},"message":"downloading ui-v1.11.6.zip..."}}
[debug] [2024-05-21T14:53:08.680Z] >>> [apiv2][query] GET https://storage.googleapis.com/firebase-preview-drop/emulator/ui-v1.11.6.zip 
[debug] [2024-05-21T14:53:08.904Z] <<< [apiv2][status] GET https://storage.googleapis.com/firebase-preview-drop/emulator/ui-v1.11.6.zip 200
[debug] [2024-05-21T14:53:08.904Z] <<< [apiv2][body] GET https://storage.googleapis.com/firebase-preview-drop/emulator/ui-v1.11.6.zip [stream]
[debug] [2024-05-21T14:53:09.722Z] Data is 3063444
[debug] [2024-05-21T14:53:09.722Z] [unzip] Entry: client/ (compressed_size=0 bytes, uncompressed_size=0 bytes)
[debug] [2024-05-21T14:53:09.722Z] [unzip] Processing entry: client\
[debug] [2024-05-21T14:53:09.722Z] [unzip] mkdir: C:\Users\Mattia\.cache\firebase\emulators\ui-v1.11.6\client\
[debug] [2024-05-21T14:53:09.723Z] [unzip] Entry: client/favicon.ico (compressed_size=2497 bytes, uncompressed_size=7406 bytes)
[debug] [2024-05-21T14:53:09.723Z] [unzip] Processing entry: client\favicon.ico
[debug] [2024-05-21T14:53:09.723Z] [unzip] else mkdir: C:\Users\Mattia\.cache\firebase\emulators\ui-v1.11.6\client
[debug] [2024-05-21T14:53:09.723Z] [unzip] deflating: C:\Users\Mattia\.cache\firebase\emulators\ui-v1.11.6\client\favicon.ico
[debug] [2024-05-21T14:53:09.726Z] [unzip] Entry: client/apple-touch-icon.png (compressed_size=7231 bytes, uncompressed_size=7367 bytes)
[debug] [2024-05-21T14:53:09.726Z] [unzip] Processing entry: client\apple-touch-icon.png
[debug] [2024-05-21T14:53:09.726Z] [unzip] else mkdir: C:\Users\Mattia\.cache\firebase\emulators\ui-v1.11.6\client
[debug] [2024-05-21T14:53:09.727Z] [unzip] deflating: C:\Users\Mattia\.cache\firebase\emulators\ui-v1.11.6\client\apple-touch-icon.png
[debug] [2024-05-21T14:53:09.728Z] [unzip] Entry: client/android-chrome-512x512.png (compressed_size=16987 bytes, uncompressed_size=18186 bytes)
[debug] [2024-05-21T14:53:09.728Z] [unzip] Processing entry: client\android-chrome-512x512.png
[debug] [2024-05-21T14:53:09.728Z] [unzip] else mkdir: C:\Users\Mattia\.cache\firebase\emulators\ui-v1.11.6\client
[debug] [2024-05-21T14:53:09.728Z] [unzip] deflating: C:\Users\Mattia\.cache\firebase\emulators\ui-v1.11.6\client\android-chrome-512x512.png
[debug] [2024-05-21T14:53:09.729Z] [unzip] Entry: client/assets/ (compressed_size=0 bytes, uncompressed_size=0 bytes)
[debug] [2024-05-21T14:53:09.729Z] [unzip] Processing entry: client\assets\
[debug] [2024-05-21T14:53:09.729Z] [unzip] mkdir: C:\Users\Mattia\.cache\firebase\emulators\ui-v1.11.6\client\assets\
[debug] [2024-05-21T14:53:09.730Z] [unzip] Entry: client/assets/extensions/ (compressed_size=0 bytes, uncompressed_size=0 bytes)
[debug] [2024-05-21T14:53:09.730Z] [unzip] Processing entry: client\assets\extensions\
[debug] [2024-05-21T14:53:09.730Z] [unzip] mkdir: C:\Users\Mattia\.cache\firebase\emulators\ui-v1.11.6\client\assets\extensions\
[debug] [2024-05-21T14:53:09.730Z] [unzip] Entry: client/assets/extensions/default-extension.png (compressed_size=1646 bytes, uncompressed_size=1657 bytes)
[debug] [2024-05-21T14:53:09.730Z] [unzip] Processing entry: client\assets\extensions\default-extension.png
[debug] [2024-05-21T14:53:09.730Z] [unzip] else mkdir: C:\Users\Mattia\.cache\firebase\emulators\ui-v1.11.6\client\assets\extensions
[debug] [2024-05-21T14:53:09.730Z] [unzip] deflating: C:\Users\Mattia\.cache\firebase\emulators\ui-v1.11.6\client\assets\extensions\default-extension.png
[debug] [2024-05-21T14:53:09.731Z] [unzip] Entry: client/assets/index.85584c3f.js (compressed_size=526096 bytes, uncompressed_size=1859818 bytes)
[debug] [2024-05-21T14:53:09.731Z] [unzip] Processing entry: client\assets\index.85584c3f.js
[debug] [2024-05-21T14:53:09.731Z] [unzip] else mkdir: C:\Users\Mattia\.cache\firebase\emulators\ui-v1.11.6\client\assets
[debug] [2024-05-21T14:53:09.731Z] [unzip] deflating: C:\Users\Mattia\.cache\firebase\emulators\ui-v1.11.6\client\assets\index.85584c3f.js
[debug] [2024-05-21T14:53:09.741Z] [unzip] Entry: client/assets/provider-icons/ (compressed_size=0 bytes, uncompressed_size=0 bytes)
[debug] [2024-05-21T14:53:09.741Z] [unzip] Processing entry: client\assets\provider-icons\
[debug] [2024-05-21T14:53:09.741Z] [unzip] mkdir: C:\Users\Mattia\.cache\firebase\emulators\ui-v1.11.6\client\assets\provider-icons\
[debug] [2024-05-21T14:53:09.741Z] [unzip] Entry: client/assets/provider-icons/auth_service_oidc.svg (compressed_size=414 bytes, uncompressed_size=858 bytes)
[debug] [2024-05-21T14:53:09.741Z] [unzip] Processing entry: client\assets\provider-icons\auth_service_oidc.svg
[debug] [2024-05-21T14:53:09.741Z] [unzip] else mkdir: C:\Users\Mattia\.cache\firebase\emulators\ui-v1.11.6\client\assets\provider-icons
[debug] [2024-05-21T14:53:09.741Z] [unzip] deflating: C:\Users\Mattia\.cache\firebase\emulators\ui-v1.11.6\client\assets\provider-icons\auth_service_oidc.svg
[debug] [2024-05-21T14:53:09.742Z] [unzip] Entry: client/assets/provider-icons/auth_service_yahoo.svg (compressed_size=577 bytes, uncompressed_size=1182 bytes)
[debug] [2024-05-21T14:53:09.742Z] [unzip] Processing entry: client\assets\provider-icons\auth_service_yahoo.svg
[debug] [2024-05-21T14:53:09.742Z] [unzip] else mkdir: C:\Users\Mattia\.cache\firebase\emulators\ui-v1.11.6\client\assets\provider-icons
[debug] [2024-05-21T14:53:09.742Z] [unzip] deflating: C:\Users\Mattia\.cache\firebase\emulators\ui-v1.11.6\client\assets\provider-icons\auth_service_yahoo.svg
[debug] [2024-05-21T14:53:09.743Z] [unzip] Entry: client/assets/provider-icons/auth_service_phone.svg (compressed_size=261 bytes, uncompressed_size=414 bytes)
[debug] [2024-05-21T14:53:09.743Z] [unzip] Processing entry: client\assets\provider-icons\auth_service_phone.svg
[debug] [2024-05-21T14:53:09.743Z] [unzip] else mkdir: C:\Users\Mattia\.cache\firebase\emulators\ui-v1.11.6\client\assets\provider-icons
[debug] [2024-05-21T14:53:09.743Z] [unzip] deflating: C:\Users\Mattia\.cache\firebase\emulators\ui-v1.11.6\client\assets\provider-icons\auth_service_phone.svg
[debug] [2024-05-21T14:53:09.744Z] [unzip] Entry: client/assets/provider-icons/auth_service_saml.svg (compressed_size=575 bytes, uncompressed_size=1226 bytes)
[debug] [2024-05-21T14:53:09.744Z] [unzip] Processing entry: client\assets\provider-icons\auth_service_saml.svg
[debug] [2024-05-21T14:53:09.744Z] [unzip] else mkdir: C:\Users\Mattia\.cache\firebase\emulators\ui-v1.11.6\client\assets\provider-icons
[debug] [2024-05-21T14:53:09.745Z] [unzip] deflating: C:\Users\Mattia\.cache\firebase\emulators\ui-v1.11.6\client\assets\provider-icons\auth_service_saml.svg
[debug] [2024-05-21T14:53:09.745Z] [unzip] Entry: client/assets/provider-icons/auth_service_mslive.svg (compressed_size=203 bytes, uncompressed_size=378 bytes)
[debug] [2024-05-21T14:53:09.745Z] [unzip] Processing entry: client\assets\provider-icons\auth_service_mslive.svg
[debug] [2024-05-21T14:53:09.746Z] [unzip] else mkdir: C:\Users\Mattia\.cache\firebase\emulators\ui-v1.11.6\client\assets\provider-icons
[debug] [2024-05-21T14:53:09.746Z] [unzip] deflating: C:\Users\Mattia\.cache\firebase\emulators\ui-v1.11.6\client\assets\provider-icons\auth_service_mslive.svg
[debug] [2024-05-21T14:53:09.746Z] [unzip] Entry: client/assets/provider-icons/auth_service_facebook.svg (compressed_size=289 bytes, uncompressed_size=457 bytes)
[debug] [2024-05-21T14:53:09.746Z] [unzip] Processing entry: client\assets\provider-icons\auth_service_facebook.svg
[debug] [2024-05-21T14:53:09.746Z] [unzip] else mkdir: C:\Users\Mattia\.cache\firebase\emulators\ui-v1.11.6\client\assets\provider-icons
[debug] [2024-05-21T14:53:09.747Z] [unzip] deflating: C:\Users\Mattia\.cache\firebase\emulators\ui-v1.11.6\client\assets\provider-icons\auth_service_facebook.svg
[debug] [2024-05-21T14:53:09.747Z] [unzip] Entry: client/assets/provider-icons/auth_service_play_games.svg (compressed_size=565 bytes, uncompressed_size=1173 bytes)
[debug] [2024-05-21T14:53:09.747Z] [unzip] Processing entry: client\assets\provider-icons\auth_service_play_games.svg
[debug] [2024-05-21T14:53:09.747Z] [unzip] else mkdir: C:\Users\Mattia\.cache\firebase\emulators\ui-v1.11.6\client\assets\provider-icons
[debug] [2024-05-21T14:53:09.747Z] [unzip] deflating: C:\Users\Mattia\.cache\firebase\emulators\ui-v1.11.6\client\assets\provider-icons\auth_service_play_games.svg
[debug] [2024-05-21T14:53:09.748Z] [unzip] Entry: client/assets/provider-icons/auth_service_github.svg (compressed_size=466 bytes, uncompressed_size=838 bytes)
[debug] [2024-05-21T14:53:09.748Z] [unzip] Processing entry: client\assets\provider-icons\auth_service_github.svg
[debug] [2024-05-21T14:53:09.748Z] [unzip] else mkdir: C:\Users\Mattia\.cache\firebase\emulators\ui-v1.11.6\client\assets\provider-icons
[debug] [2024-05-21T14:53:09.748Z] [unzip] deflating: C:\Users\Mattia\.cache\firebase\emulators\ui-v1.11.6\client\assets\provider-icons\auth_service_github.svg
[debug] [2024-05-21T14:53:09.749Z] [unzip] Entry: client/assets/provider-icons/auth_service_apple.svg (compressed_size=230 bytes, uncompressed_size=334 bytes)
[debug] [2024-05-21T14:53:09.749Z] [unzip] Processing entry: client\assets\provider-icons\auth_service_apple.svg
[debug] [2024-05-21T14:53:09.749Z] [unzip] else mkdir: C:\Users\Mattia\.cache\firebase\emulators\ui-v1.11.6\client\assets\provider-icons
[debug] [2024-05-21T14:53:09.749Z] [unzip] deflating: C:\Users\Mattia\.cache\firebase\emulators\ui-v1.11.6\client\assets\provider-icons\auth_service_apple.svg
[debug] [2024-05-21T14:53:09.750Z] [unzip] Entry: client/assets/provider-icons/auth_service_google.svg (compressed_size=409 bytes, uncompressed_size=720 bytes)
[debug] [2024-05-21T14:53:09.750Z] [unzip] Processing entry: client\assets\provider-icons\auth_service_google.svg
[debug] [2024-05-21T14:53:09.750Z] [unzip] else mkdir: C:\Users\Mattia\.cache\firebase\emulators\ui-v1.11.6\client\assets\provider-icons
[debug] [2024-05-21T14:53:09.750Z] [unzip] deflating: C:\Users\Mattia\.cache\firebase\emulators\ui-v1.11.6\client\assets\provider-icons\auth_service_google.svg
[debug] [2024-05-21T14:53:09.751Z] [unzip] Entry: client/assets/provider-icons/auth_service_email.svg (compressed_size=228 bytes, uncompressed_size=326 bytes)
[debug] [2024-05-21T14:53:09.751Z] [unzip] Processing entry: client\assets\provider-icons\auth_service_email.svg
[debug] [2024-05-21T14:53:09.751Z] [unzip] else mkdir: C:\Users\Mattia\.cache\firebase\emulators\ui-v1.11.6\client\assets\provider-icons
[debug] [2024-05-21T14:53:09.751Z] [unzip] deflating: C:\Users\Mattia\.cache\firebase\emulators\ui-v1.11.6\client\assets\provider-icons\auth_service_email.svg
[debug] [2024-05-21T14:53:09.752Z] [unzip] Entry: client/assets/provider-icons/auth_service_twitter.svg (compressed_size=444 bytes, uncompressed_size=751 bytes)
[debug] [2024-05-21T14:53:09.752Z] [unzip] Processing entry: client\assets\provider-icons\auth_service_twitter.svg
[debug] [2024-05-21T14:53:09.752Z] [unzip] else mkdir: C:\Users\Mattia\.cache\firebase\emulators\ui-v1.11.6\client\assets\provider-icons
[debug] [2024-05-21T14:53:09.752Z] [unzip] deflating: C:\Users\Mattia\.cache\firebase\emulators\ui-v1.11.6\client\assets\provider-icons\auth_service_twitter.svg
[debug] [2024-05-21T14:53:09.753Z] [unzip] Entry: client/assets/provider-icons/auth_service_game_center.svg (compressed_size=991 bytes, uncompressed_size=3921 bytes)
[debug] [2024-05-21T14:53:09.753Z] [unzip] Processing entry: client\assets\provider-icons\auth_service_game_center.svg
[debug] [2024-05-21T14:53:09.753Z] [unzip] else mkdir: C:\Users\Mattia\.cache\firebase\emulators\ui-v1.11.6\client\assets\provider-icons
[debug] [2024-05-21T14:53:09.753Z] [unzip] deflating: C:\Users\Mattia\.cache\firebase\emulators\ui-v1.11.6\client\assets\provider-icons\auth_service_game_center.svg
[debug] [2024-05-21T14:53:09.754Z] [unzip] Entry: client/assets/img/ (compressed_size=0 bytes, uncompressed_size=0 bytes)
[debug] [2024-05-21T14:53:09.754Z] [unzip] Processing entry: client\assets\img\
[debug] [2024-05-21T14:53:09.754Z] [unzip] mkdir: C:\Users\Mattia\.cache\firebase\emulators\ui-v1.11.6\client\assets\img\
[debug] [2024-05-21T14:53:09.754Z] [unzip] Entry: client/assets/img/database.png (compressed_size=29449 bytes, uncompressed_size=29988 bytes)
[debug] [2024-05-21T14:53:09.754Z] [unzip] Processing entry: client\assets\img\database.png
[debug] [2024-05-21T14:53:09.754Z] [unzip] else mkdir: C:\Users\Mattia\.cache\firebase\emulators\ui-v1.11.6\client\assets\img
[debug] [2024-05-21T14:53:09.755Z] [unzip] deflating: C:\Users\Mattia\.cache\firebase\emulators\ui-v1.11.6\client\assets\img\database.png
[debug] [2024-05-21T14:53:09.756Z] [unzip] Entry: client/assets/index.b9383ce5.css (compressed_size=37605 bytes, uncompressed_size=321268 bytes)
[debug] [2024-05-21T14:53:09.756Z] [unzip] Processing entry: client\assets\index.b9383ce5.css
[debug] [2024-05-21T14:53:09.756Z] [unzip] else mkdir: C:\Users\Mattia\.cache\firebase\emulators\ui-v1.11.6\client\assets
[debug] [2024-05-21T14:53:09.756Z] [unzip] deflating: C:\Users\Mattia\.cache\firebase\emulators\ui-v1.11.6\client\assets\index.b9383ce5.css
[debug] [2024-05-21T14:53:09.758Z] [unzip] Entry: client/assets/index.85584c3f.js.map (compressed_size=1778028 bytes, uncompressed_size=7960238 bytes)
[debug] [2024-05-21T14:53:09.758Z] [unzip] Processing entry: client\assets\index.85584c3f.js.map
[debug] [2024-05-21T14:53:09.758Z] [unzip] else mkdir: C:\Users\Mattia\.cache\firebase\emulators\ui-v1.11.6\client\assets
[debug] [2024-05-21T14:53:09.758Z] [unzip] deflating: C:\Users\Mattia\.cache\firebase\emulators\ui-v1.11.6\client\assets\index.85584c3f.js.map
[debug] [2024-05-21T14:53:09.792Z] [unzip] Entry: client/safari-pinned-tab.svg (compressed_size=838 bytes, uncompressed_size=1504 bytes)
[debug] [2024-05-21T14:53:09.792Z] [unzip] Processing entry: client\safari-pinned-tab.svg
[debug] [2024-05-21T14:53:09.792Z] [unzip] else mkdir: C:\Users\Mattia\.cache\firebase\emulators\ui-v1.11.6\client
[debug] [2024-05-21T14:53:09.792Z] [unzip] deflating: C:\Users\Mattia\.cache\firebase\emulators\ui-v1.11.6\client\safari-pinned-tab.svg
[debug] [2024-05-21T14:53:09.793Z] [unzip] Entry: client/mstile-150x150.png (compressed_size=5406 bytes, uncompressed_size=5723 bytes)
[debug] [2024-05-21T14:53:09.793Z] [unzip] Processing entry: client\mstile-150x150.png
[debug] [2024-05-21T14:53:09.793Z] [unzip] else mkdir: C:\Users\Mattia\.cache\firebase\emulators\ui-v1.11.6\client
[debug] [2024-05-21T14:53:09.793Z] [unzip] deflating: C:\Users\Mattia\.cache\firebase\emulators\ui-v1.11.6\client\mstile-150x150.png
[debug] [2024-05-21T14:53:09.794Z] [unzip] Entry: client/browserconfig.xml (compressed_size=491 bytes, uncompressed_size=822 bytes)
[debug] [2024-05-21T14:53:09.794Z] [unzip] Processing entry: client\browserconfig.xml
[debug] [2024-05-21T14:53:09.794Z] [unzip] else mkdir: C:\Users\Mattia\.cache\firebase\emulators\ui-v1.11.6\client
[debug] [2024-05-21T14:53:09.794Z] [unzip] deflating: C:\Users\Mattia\.cache\firebase\emulators\ui-v1.11.6\client\browserconfig.xml
[debug] [2024-05-21T14:53:09.795Z] [unzip] Entry: client/robots.txt (compressed_size=26 bytes, uncompressed_size=26 bytes)
[debug] [2024-05-21T14:53:09.795Z] [unzip] Processing entry: client\robots.txt
[debug] [2024-05-21T14:53:09.795Z] [unzip] else mkdir: C:\Users\Mattia\.cache\firebase\emulators\ui-v1.11.6\client
[debug] [2024-05-21T14:53:09.795Z] [unzip] Writing file: C:\Users\Mattia\.cache\firebase\emulators\ui-v1.11.6\client\robots.txt
[debug] [2024-05-21T14:53:09.796Z] [unzip] Entry: client/index.html (compressed_size=1363 bytes, uncompressed_size=3064 bytes)
[debug] [2024-05-21T14:53:09.796Z] [unzip] Processing entry: client\index.html
[debug] [2024-05-21T14:53:09.796Z] [unzip] else mkdir: C:\Users\Mattia\.cache\firebase\emulators\ui-v1.11.6\client
[debug] [2024-05-21T14:53:09.796Z] [unzip] deflating: C:\Users\Mattia\.cache\firebase\emulators\ui-v1.11.6\client\index.html
[debug] [2024-05-21T14:53:09.796Z] [unzip] Entry: client/favicon-16x16.png (compressed_size=757 bytes, uncompressed_size=777 bytes)
[debug] [2024-05-21T14:53:09.796Z] [unzip] Processing entry: client\favicon-16x16.png
[debug] [2024-05-21T14:53:09.796Z] [unzip] else mkdir: C:\Users\Mattia\.cache\firebase\emulators\ui-v1.11.6\client
[debug] [2024-05-21T14:53:09.796Z] [unzip] deflating: C:\Users\Mattia\.cache\firebase\emulators\ui-v1.11.6\client\favicon-16x16.png
[debug] [2024-05-21T14:53:09.797Z] [unzip] Entry: client/manifest.json (compressed_size=246 bytes, uncompressed_size=551 bytes)
[debug] [2024-05-21T14:53:09.797Z] [unzip] Processing entry: client\manifest.json
[debug] [2024-05-21T14:53:09.797Z] [unzip] else mkdir: C:\Users\Mattia\.cache\firebase\emulators\ui-v1.11.6\client
[debug] [2024-05-21T14:53:09.797Z] [unzip] deflating: C:\Users\Mattia\.cache\firebase\emulators\ui-v1.11.6\client\manifest.json
[debug] [2024-05-21T14:53:09.798Z] [unzip] Entry: client/favicon-32x32.png (compressed_size=1175 bytes, uncompressed_size=1175 bytes)
[debug] [2024-05-21T14:53:09.798Z] [unzip] Processing entry: client\favicon-32x32.png
[debug] [2024-05-21T14:53:09.798Z] [unzip] else mkdir: C:\Users\Mattia\.cache\firebase\emulators\ui-v1.11.6\client
[debug] [2024-05-21T14:53:09.798Z] [unzip] Writing file: C:\Users\Mattia\.cache\firebase\emulators\ui-v1.11.6\client\favicon-32x32.png
[debug] [2024-05-21T14:53:09.798Z] [unzip] Entry: client/android-chrome-192x192.png (compressed_size=7602 bytes, uncompressed_size=7834 bytes)
[debug] [2024-05-21T14:53:09.798Z] [unzip] Processing entry: client\android-chrome-192x192.png
[debug] [2024-05-21T14:53:09.799Z] [unzip] else mkdir: C:\Users\Mattia\.cache\firebase\emulators\ui-v1.11.6\client
[debug] [2024-05-21T14:53:09.799Z] [unzip] deflating: C:\Users\Mattia\.cache\firebase\emulators\ui-v1.11.6\client\android-chrome-192x192.png
[debug] [2024-05-21T14:53:09.799Z] [unzip] Entry: server/ (compressed_size=0 bytes, uncompressed_size=0 bytes)
[debug] [2024-05-21T14:53:09.800Z] [unzip] Processing entry: server\
[debug] [2024-05-21T14:53:09.800Z] [unzip] mkdir: C:\Users\Mattia\.cache\firebase\emulators\ui-v1.11.6\server\
[debug] [2024-05-21T14:53:09.800Z] [unzip] Entry: server/server.js (compressed_size=343746 bytes, uncompressed_size=1346374 bytes)
[debug] [2024-05-21T14:53:09.800Z] [unzip] Processing entry: server\server.js
[debug] [2024-05-21T14:53:09.800Z] [unzip] else mkdir: C:\Users\Mattia\.cache\firebase\emulators\ui-v1.11.6\server
[debug] [2024-05-21T14:53:09.800Z] [unzip] deflating: C:\Users\Mattia\.cache\firebase\emulators\ui-v1.11.6\server\server.js
[debug] [2024-05-21T14:53:09.808Z] [unzip] Entry: server/server.js.map (compressed_size=289157 bytes, uncompressed_size=1325651 bytes)
[debug] [2024-05-21T14:53:09.808Z] [unzip] Processing entry: server\server.js.map
[debug] [2024-05-21T14:53:09.808Z] [unzip] else mkdir: C:\Users\Mattia\.cache\firebase\emulators\ui-v1.11.6\server
[debug] [2024-05-21T14:53:09.808Z] [unzip] deflating: C:\Users\Mattia\.cache\firebase\emulators\ui-v1.11.6\server\server.js.map
[info] i  ui: Removing outdated emulator files: ui-v1.11.8 {"metadata":{"emulator":{"name":"ui"},"message":"Removing outdated emulator files: ui-v1.11.8"}}
[info] i  ui: Removing outdated emulator files: ui-v1.11.8.zip {"metadata":{"emulator":{"name":"ui"},"message":"Removing outdated emulator files: ui-v1.11.8.zip"}}
[debug] [2024-05-21T14:53:09.827Z] Ignoring unsupported arg: auto_download {"metadata":{"emulator":{"name":"ui"},"message":"Ignoring unsupported arg: auto_download"}}
[debug] [2024-05-21T14:53:09.828Z] Ignoring unsupported arg: port {"metadata":{"emulator":{"name":"ui"},"message":"Ignoring unsupported arg: port"}}
[debug] [2024-05-21T14:53:09.828Z] Starting Emulator UI with command {"binary":"node","args":["C:\\Users\\Mattia\\.cache\\firebase\\emulators\\ui-v1.11.6\\server\\server.js"],"optionalArgs":[],"joinArgs":false} {"metadata":{"emulator":{"name":"ui"},"message":"Starting Emulator UI with command {\"binary\":\"node\",\"args\":[\"C:\\\\Users\\\\Mattia\\\\.cache\\\\firebase\\\\emulators\\\\ui-v1.11.6\\\\server\\\\server.js\"],\"optionalArgs\":[],\"joinArgs\":false}"}}
[info] i  ui: Emulator UI logging to ui-debug.log {"metadata":{"emulator":{"name":"ui"},"message":"Emulator UI logging to \u001b[1mui-debug.log\u001b[22m"}}
[debug] [2024-05-21T14:53:10.095Z] Web / API server started at 127.0.0.1:4000
 {"metadata":{"emulator":{"name":"ui"},"message":"Web / API server started at 127.0.0.1:4000\n"}}
[debug] [2024-05-21T14:53:10.096Z] Web / API server started at ::1:4000
 {"metadata":{"emulator":{"name":"ui"},"message":"Web / API server started at ::1:4000\n"}}
[info] i  functions: Watching "C:\Users\Mattia\Progetti\wlp2s0\cycletowork\server_app\functions" for Cloud Functions... {"metadata":{"emulator":{"name":"functions"},"message":"Watching \"C:\\Users\\Mattia\\Progetti\\wlp2s0\\cycletowork\\server_app\\functions\" for Cloud Functions..."}}
[debug] [2024-05-21T14:53:10.101Z] Validating nodejs source
[warn] !  functions: package.json indicates an outdated version of firebase-functions. Please upgrade using npm install --save firebase-functions@latest in your functions directory. 
[warn] !  functions: Please note that there will be breaking changes when you upgrade. 
[debug] [2024-05-21T14:53:11.254Z] > [functions] package.json contents: {
  "name": "functions",
  "description": "Cloud Functions for Firebase",
  "version": "1.0.0",
  "scripts": {
    "serve": "firebase emulators:start --only functions",
    "shell": "firebase functions:shell",
    "start": "npm run shell",
    "deploy": "firebase deploy --only functions",
    "logs": "firebase functions:log"
  },
  "engines": {
    "node": "18"
  },
  "main": "index.js",
  "dependencies": {
    "@elastic/elasticsearch": "^8.2.1",
    "@sendgrid/mail": "^7.7.0",
    "firebase-admin": "^11.2.0",
    "firebase-functions": "^4.0.2",
    "firebase-tools": "^11.16.0",
    "uuid": "^8.3.2"
  },
  "devDependencies": {
    "firebase-functions-test": "^3.0.0"
  },
  "private": true
}
[debug] [2024-05-21T14:53:11.255Z] Building nodejs source
[debug] [2024-05-21T14:53:11.255Z] Failed to find version of module node: reached end of search path C:\Users\Mattia\Progetti\wlp2s0\cycletowork\server_app\functions\node_modules
[info] +  functions: Using node@18 from host. 
[debug] [2024-05-21T14:53:11.256Z] Could not find functions.yaml. Must use http discovery
[debug] [2024-05-21T14:53:11.261Z] Found firebase-functions binary at 'C:\Users\Mattia\Progetti\wlp2s0\cycletowork\server_app\functions\node_modules\.bin\firebase-functions'
[debug] [2024-05-21T14:53:11.485Z] Serving at port 8236

[debug] [2024-05-21T14:53:13.468Z] Got response from /__/functions.yaml {"endpoints":{"onCreateUser":{"platform":"gcfv1","availableMemoryMb":null,"timeoutSeconds":null,"minInstances":null,"maxInstances":null,"ingressSettings":null,"serviceAccountEmail":null,"vpc":null,"region":["europe-west3"],"eventTrigger":{"eventType":"providers/firebase.auth/eventTypes/user.create","eventFilters":{"resource":"projects/cycletowork-f0eac"},"retry":false},"labels":{},"entryPoint":"onCreateUser"},"onCreateUserPhoto":{"platform":"gcfv1","availableMemoryMb":null,"timeoutSeconds":null,"minInstances":null,"maxInstances":null,"ingressSettings":null,"serviceAccountEmail":null,"vpc":null,"region":["europe-west3"],"eventTrigger":{"eventType":"google.storage.object.finalize","eventFilters":{"resource":"projects/_/buckets/cycletowork-f0eac.appspot.com"},"retry":false},"labels":{},"entryPoint":"onCreateUserPhoto"},"scheduledFunction":{"platform":"gcfv1","availableMemoryMb":2048,"timeoutSeconds":540,"minInstances":null,"maxInstances":null,"ingressSettings":null,"serviceAccountEmail":null,"vpc":null,"region":["europe-west3"],"scheduleTrigger":{"schedule":"every 15 minutes","timeZone":null,"retryConfig":{"retryCount":null,"maxDoublings":null,"maxRetryDuration":null,"maxBackoffDuration":null,"minBackoffDuration":null}},"labels":{},"entryPoint":"scheduledFunction"},"updateCompanyPercentRegistered":{"platform":"gcfv1","availableMemoryMb":null,"timeoutSeconds":null,"minInstances":null,"maxInstances":null,"ingressSettings":null,"serviceAccountEmail":null,"vpc":null,"region":["europe-west3"],"eventTrigger":{"eventType":"providers/cloud.firestore/eventTypes/document.update","eventFilters":{"resource":"projects/cycletowork-f0eac/databases/(default)/documents/challenges/{challengeId}/{companySizeCategory}/{documentId}"},"retry":false},"labels":{},"entryPoint":"updateCompanyPercentRegistered"},"deleteAccount":{"platform":"gcfv1","labels":{},"availableMemoryMb":null,"timeoutSeconds":null,"minInstances":null,"maxInstances":null,"ingressSettings":null,"serviceAccountEmail":null,"vpc":null,"region":["europe-west3"],"callableTrigger":{},"entryPoint":"deleteAccount"},"saveDeviceToken":{"platform":"gcfv1","labels":{},"availableMemoryMb":null,"timeoutSeconds":null,"minInstances":null,"maxInstances":null,"ingressSettings":null,"serviceAccountEmail":null,"vpc":null,"region":["europe-west3"],"callableTrigger":{},"entryPoint":"saveDeviceToken"},"removeDeviceToken":{"platform":"gcfv1","labels":{},"availableMemoryMb":null,"timeoutSeconds":null,"minInstances":null,"maxInstances":null,"ingressSettings":null,"serviceAccountEmail":null,"vpc":null,"region":["europe-west3"],"callableTrigger":{},"entryPoint":"removeDeviceToken"},"getUserInfo":{"platform":"gcfv1","labels":{},"availableMemoryMb":null,"timeoutSeconds":null,"minInstances":null,"maxInstances":null,"ingressSettings":null,"serviceAccountEmail":null,"vpc":null,"region":["europe-west3"],"callableTrigger":{},"entryPoint":"getUserInfo"},"saveCompany":{"platform":"gcfv1","labels":{},"availableMemoryMb":null,"timeoutSeconds":null,"minInstances":null,"maxInstances":null,"ingressSettings":null,"serviceAccountEmail":null,"vpc":null,"region":["europe-west3"],"callableTrigger":{},"entryPoint":"saveCompany"},"getCompanyListNameSearchForChalleng":{"platform":"gcfv1","labels":{},"availableMemoryMb":null,"timeoutSeconds":null,"minInstances":null,"maxInstances":null,"ingressSettings":null,"serviceAccountEmail":null,"vpc":null,"region":["europe-west3"],"callableTrigger":{},"entryPoint":"getCompanyListNameSearchForChalleng"},"getCompanyFromName":{"platform":"gcfv1","labels":{},"availableMemoryMb":null,"timeoutSeconds":null,"minInstances":null,"maxInstances":null,"ingressSettings":null,"serviceAccountEmail":null,"vpc":null,"region":["europe-west3"],"callableTrigger":{},"entryPoint":"getCompanyFromName"},"getCompanyFromNameInChallenge":{"platform":"gcfv1","labels":{},"availableMemoryMb":null,"timeoutSeconds":null,"minInstances":null,"maxInstances":null,"ingressSettings":null,"serviceAccountEmail":null,"vpc":null,"region":["europe-west3"],"callableTrigger":{},"entryPoint":"getCompanyFromNameInChallenge"},"getCompanyListForChallenge":{"platform":"gcfv1","labels":{},"availableMemoryMb":null,"timeoutSeconds":null,"minInstances":null,"maxInstances":null,"ingressSettings":null,"serviceAccountEmail":null,"vpc":null,"region":["europe-west3"],"callableTrigger":{},"entryPoint":"getCompanyListForChallenge"},"getCompanyList":{"platform":"gcfv1","labels":{},"availableMemoryMb":null,"timeoutSeconds":null,"minInstances":null,"maxInstances":null,"ingressSettings":null,"serviceAccountEmail":null,"vpc":null,"region":["europe-west3"],"callableTrigger":{},"entryPoint":"getCompanyList"},"getSurveyList":{"platform":"gcfv1","labels":{},"availableMemoryMb":null,"timeoutSeconds":null,"minInstances":null,"maxInstances":null,"ingressSettings":null,"serviceAccountEmail":null,"vpc":null,"region":["europe-west3"],"callableTrigger":{},"entryPoint":"getSurveyList"},"getActiveChallengeList":{"platform":"gcfv1","labels":{},"availableMemoryMb":null,"timeoutSeconds":null,"minInstances":null,"maxInstances":null,"ingressSettings":null,"serviceAccountEmail":null,"vpc":null,"region":["europe-west3"],"callableTrigger":{},"entryPoint":"getActiveChallengeList"},"saveSurveyResponse":{"platform":"gcfv1","labels":{},"availableMemoryMb":null,"timeoutSeconds":null,"minInstances":null,"maxInstances":null,"ingressSettings":null,"serviceAccountEmail":null,"vpc":null,"region":["europe-west3"],"callableTrigger":{},"entryPoint":"saveSurveyResponse"},"sendEmailVerificationCode":{"platform":"gcfv1","labels":{},"availableMemoryMb":null,"timeoutSeconds":null,"minInstances":null,"maxInstances":null,"ingressSettings":null,"serviceAccountEmail":null,"vpc":null,"region":["europe-west3"],"callableTrigger":{},"entryPoint":"sendEmailVerificationCode"},"verifiyEmailCode":{"platform":"gcfv1","labels":{},"availableMemoryMb":null,"timeoutSeconds":null,"minInstances":null,"maxInstances":null,"ingressSettings":null,"serviceAccountEmail":null,"vpc":null,"region":["europe-west3"],"callableTrigger":{},"entryPoint":"verifiyEmailCode"},"registerChallenge":{"platform":"gcfv1","labels":{},"availableMemoryMb":null,"timeoutSeconds":null,"minInstances":null,"maxInstances":null,"ingressSettings":null,"serviceAccountEmail":null,"vpc":null,"region":["europe-west3"],"callableTrigger":{},"entryPoint":"registerChallenge"},"saveUserActivity":{"platform":"gcfv1","labels":{},"availableMemoryMb":null,"timeoutSeconds":null,"minInstances":null,"maxInstances":null,"ingressSettings":null,"serviceAccountEmail":null,"vpc":null,"region":["europe-west3"],"callableTrigger":{},"entryPoint":"saveUserActivity"},"saveUserActivityLocationData":{"platform":"gcfv1","labels":{},"availableMemoryMb":null,"timeoutSeconds":null,"minInstances":null,"maxInstances":null,"ingressSettings":null,"serviceAccountEmail":null,"vpc":null,"region":["europe-west3"],"callableTrigger":{},"entryPoint":"saveUserActivityLocationData"},"getListUserActivity":{"platform":"gcfv1","labels":{},"availableMemoryMb":null,"timeoutSeconds":null,"minInstances":null,"maxInstances":null,"ingressSettings":null,"serviceAccountEmail":null,"vpc":null,"region":["europe-west3"],"callableTrigger":{},"entryPoint":"getListUserActivity"},"getListActiveRegisterdChallenge":{"platform":"gcfv1","labels":{},"availableMemoryMb":null,"timeoutSeconds":null,"minInstances":null,"maxInstances":null,"ingressSettings":null,"serviceAccountEmail":null,"vpc":null,"region":["europe-west3"],"callableTrigger":{},"entryPoint":"getListActiveRegisterdChallenge"},"getListCyclistClassificationByRankingCo2":{"platform":"gcfv1","labels":{},"availableMemoryMb":null,"timeoutSeconds":null,"minInstances":null,"maxInstances":null,"ingressSettings":null,"serviceAccountEmail":null,"vpc":null,"region":["europe-west3"],"callableTrigger":{},"entryPoint":"getListCyclistClassificationByRankingCo2"},"getListCompanyClassificationByRankingCo2":{"platform":"gcfv1","labels":{},"availableMemoryMb":null,"timeoutSeconds":null,"minInstances":null,"maxInstances":null,"ingressSettings":null,"serviceAccountEmail":null,"vpc":null,"region":["europe-west3"],"callableTrigger":{},"entryPoint":"getListCompanyClassificationByRankingCo2"},"getListCompanyClassificationByRankingPercentRegistered":{"platform":"gcfv1","labels":{},"availableMemoryMb":null,"timeoutSeconds":null,"minInstances":null,"maxInstances":null,"ingressSettings":null,"serviceAccountEmail":null,"vpc":null,"region":["europe-west3"],"callableTrigger":{},"entryPoint":"getListCompanyClassificationByRankingPercentRegistered"},"getListDepartmentClassificationByRankingCo2":{"platform":"gcfv1","labels":{},"availableMemoryMb":null,"timeoutSeconds":null,"minInstances":null,"maxInstances":null,"ingressSettings":null,"serviceAccountEmail":null,"vpc":null,"region":["europe-west3"],"callableTrigger":{},"entryPoint":"getListDepartmentClassificationByRankingCo2"},"getChallengeRegistryFromBusinessEmail":{"platform":"gcfv1","labels":{},"availableMemoryMb":null,"timeoutSeconds":null,"minInstances":null,"maxInstances":null,"ingressSettings":null,"serviceAccountEmail":null,"vpc":null,"region":["europe-west3"],"callableTrigger":{},"entryPoint":"getChallengeRegistryFromBusinessEmail"},"getUserCyclistClassification":{"platform":"gcfv1","labels":{},"availableMemoryMb":null,"timeoutSeconds":null,"minInstances":null,"maxInstances":null,"ingressSettings":null,"serviceAccountEmail":null,"vpc":null,"region":["europe-west3"],"callableTrigger":{},"entryPoint":"getUserCyclistClassification"},"getUserCompanyClassification":{"platform":"gcfv1","labels":{},"availableMemoryMb":null,"timeoutSeconds":null,"minInstances":null,"maxInstances":null,"ingressSettings":null,"serviceAccountEmail":null,"vpc":null,"region":["europe-west3"],"callableTrigger":{},"entryPoint":"getUserCompanyClassification"},"getUserDepartmentClassification":{"platform":"gcfv1","labels":{},"availableMemoryMb":null,"timeoutSeconds":null,"minInstances":null,"maxInstances":null,"ingressSettings":null,"serviceAccountEmail":null,"vpc":null,"region":["europe-west3"],"callableTrigger":{},"entryPoint":"getUserDepartmentClassification"},"getListRegisterdChallenge":{"platform":"gcfv1","labels":{},"availableMemoryMb":null,"timeoutSeconds":null,"minInstances":null,"maxInstances":null,"ingressSettings":null,"serviceAccountEmail":null,"vpc":null,"region":["europe-west3"],"callableTrigger":{},"entryPoint":"getListRegisterdChallenge"},"updateUserInfo":{"platform":"gcfv1","labels":{},"availableMemoryMb":null,"timeoutSeconds":null,"minInstances":null,"maxInstances":null,"ingressSettings":null,"serviceAccountEmail":null,"vpc":null,"region":["europe-west3"],"callableTrigger":{},"entryPoint":"updateUserInfo"},"updateUserInfoInChallenge":{"platform":"gcfv1","labels":{},"availableMemoryMb":null,"timeoutSeconds":null,"minInstances":null,"maxInstances":null,"ingressSettings":null,"serviceAccountEmail":null,"vpc":null,"region":["europe-west3"],"callableTrigger":{},"entryPoint":"updateUserInfoInChallenge"},"getListUserAdmin":{"platform":"gcfv1","labels":{},"availableMemoryMb":null,"timeoutSeconds":null,"minInstances":null,"maxInstances":null,"ingressSettings":null,"serviceAccountEmail":null,"vpc":null,"region":["europe-west3"],"callableTrigger":{},"entryPoint":"getListUserAdmin"},"getUserInfoAdmin":{"platform":"gcfv1","labels":{},"availableMemoryMb":null,"timeoutSeconds":null,"minInstances":null,"maxInstances":null,"ingressSettings":null,"serviceAccountEmail":null,"vpc":null,"region":["europe-west3"],"callableTrigger":{},"entryPoint":"getUserInfoAdmin"},"setAdminUser":{"platform":"gcfv1","labels":{},"availableMemoryMb":null,"timeoutSeconds":null,"minInstances":null,"maxInstances":null,"ingressSettings":null,"serviceAccountEmail":null,"vpc":null,"region":["europe-west3"],"callableTrigger":{},"entryPoint":"setAdminUser"},"verifyUserAdmin":{"platform":"gcfv1","labels":{},"availableMemoryMb":null,"timeoutSeconds":null,"minInstances":null,"maxInstances":null,"ingressSettings":null,"serviceAccountEmail":null,"vpc":null,"region":["europe-west3"],"callableTrigger":{},"entryPoint":"verifyUserAdmin"},"verifyCompanyAdmin":{"platform":"gcfv1","labels":{},"availableMemoryMb":null,"timeoutSeconds":null,"minInstances":null,"maxInstances":null,"ingressSettings":null,"serviceAccountEmail":null,"vpc":null,"region":["europe-west3"],"callableTrigger":{},"entryPoint":"verifyCompanyAdmin"},"updateCompanyAdmin":{"platform":"gcfv1","labels":{},"availableMemoryMb":null,"timeoutSeconds":null,"minInstances":null,"maxInstances":null,"ingressSettings":null,"serviceAccountEmail":null,"vpc":null,"region":["europe-west3"],"callableTrigger":{},"entryPoint":"updateCompanyAdmin"},"saveSurveyAdmin":{"platform":"gcfv1","labels":{},"availableMemoryMb":null,"timeoutSeconds":null,"minInstances":null,"maxInstances":null,"ingressSettings":null,"serviceAccountEmail":null,"vpc":null,"region":["europe-west3"],"callableTrigger":{},"entryPoint":"saveSurveyAdmin"},"saveChallengeAdmin":{"platform":"gcfv1","labels":{},"availableMemoryMb":null,"timeoutSeconds":null,"minInstances":null,"maxInstances":null,"ingressSettings":null,"serviceAccountEmail":null,"vpc":null,"region":["europe-west3"],"callableTrigger":{},"entryPoint":"saveChallengeAdmin"},"getChallengeListAdmin":{"platform":"gcfv1","labels":{},"availableMemoryMb":null,"timeoutSeconds":null,"minInstances":null,"maxInstances":null,"ingressSettings":null,"serviceAccountEmail":null,"vpc":null,"region":["europe-west3"],"callableTrigger":{},"entryPoint":"getChallengeListAdmin"},"publishChallengeAdmin":{"platform":"gcfv1","labels":{},"availableMemoryMb":null,"timeoutSeconds":null,"minInstances":null,"maxInstances":null,"ingressSettings":null,"serviceAccountEmail":null,"vpc":null,"region":["europe-west3"],"callableTrigger":{},"entryPoint":"publishChallengeAdmin"},"saveUserActivityAdmin":{"platform":"gcfv1","labels":{},"availableMemoryMb":null,"timeoutSeconds":null,"minInstances":null,"maxInstances":null,"ingressSettings":null,"serviceAccountEmail":null,"vpc":null,"region":["europe-west3"],"callableTrigger":{},"entryPoint":"saveUserActivityAdmin"},"checkUserActivityAdmin":{"platform":"gcfv1","labels":{},"availableMemoryMb":null,"timeoutSeconds":250,"minInstances":null,"maxInstances":null,"ingressSettings":null,"serviceAccountEmail":null,"vpc":null,"region":["europe-west3"],"callableTrigger":{},"entryPoint":"checkUserActivityAdmin"},"getListRegisterdChallengeForUser":{"platform":"gcfv1","labels":{},"availableMemoryMb":null,"timeoutSeconds":null,"minInstances":null,"maxInstances":null,"ingressSettings":null,"serviceAccountEmail":null,"vpc":null,"region":["europe-west3"],"callableTrigger":{},"entryPoint":"getListRegisterdChallengeForUser"},"getUserCyclistClassificationForUser":{"platform":"gcfv1","labels":{},"availableMemoryMb":null,"timeoutSeconds":null,"minInstances":null,"maxInstances":null,"ingressSettings":null,"serviceAccountEmail":null,"vpc":null,"region":["europe-west3"],"callableTrigger":{},"entryPoint":"getUserCyclistClassificationForUser"}},"specVersion":"v1alpha1","requiredAPIs":[{"api":"cloudscheduler.googleapis.com","reason":"Needed for scheduled functions."}]}
[debug] [2024-05-21T14:53:13.481Z] shutdown requested via /__/quitquitquit

[info] +  functions: Loaded functions definitions from source: onCreateUser, onCreateUserPhoto, scheduledFunction, updateCompanyPercentRegistered, deleteAccount, saveDeviceToken, removeDeviceToken, getUserInfo, saveCompany, getCompanyListNameSearchForChalleng, getCompanyFromName, getCompanyFromNameInChallenge, getCompanyListForChallenge, getCompanyList, getSurveyList, getActiveChallengeList, saveSurveyResponse, sendEmailVerificationCode, verifiyEmailCode, registerChallenge, saveUserActivity, saveUserActivityLocationData, getListUserActivity, getListActiveRegisterdChallenge, getListCyclistClassificationByRankingCo2, getListCompanyClassificationByRankingCo2, getListCompanyClassificationByRankingPercentRegistered, getListDepartmentClassificationByRankingCo2, getChallengeRegistryFromBusinessEmail, getUserCyclistClassification, getUserCompanyClassification, getUserDepartmentClassification, getListRegisterdChallenge, updateUserInfo, updateUserInfoInChallenge, getListUserAdmin, getUserInfoAdmin, setAdminUser, verifyUserAdmin, verifyCompanyAdmin, updateCompanyAdmin, saveSurveyAdmin, saveChallengeAdmin, getChallengeListAdmin, publishChallengeAdmin, saveUserActivityAdmin, checkUserActivityAdmin, getListRegisterdChallengeForUser, getUserCyclistClassificationForUser. {"metadata":{"emulator":{"name":"functions"},"message":"Loaded functions definitions from source: onCreateUser, onCreateUserPhoto, scheduledFunction, updateCompanyPercentRegistered, deleteAccount, saveDeviceToken, removeDeviceToken, getUserInfo, saveCompany, getCompanyListNameSearchForChalleng, getCompanyFromName, getCompanyFromNameInChallenge, getCompanyListForChallenge, getCompanyList, getSurveyList, getActiveChallengeList, saveSurveyResponse, sendEmailVerificationCode, verifiyEmailCode, registerChallenge, saveUserActivity, saveUserActivityLocationData, getListUserActivity, getListActiveRegisterdChallenge, getListCyclistClassificationByRankingCo2, getListCompanyClassificationByRankingCo2, getListCompanyClassificationByRankingPercentRegistered, getListDepartmentClassificationByRankingCo2, getChallengeRegistryFromBusinessEmail, getUserCyclistClassification, getUserCompanyClassification, getUserDepartmentClassification, getListRegisterdChallenge, updateUserInfo, updateUserInfoInChallenge, getListUserAdmin, getUserInfoAdmin, setAdminUser, verifyUserAdmin, verifyCompanyAdmin, updateCompanyAdmin, saveSurveyAdmin, saveChallengeAdmin, getChallengeListAdmin, publishChallengeAdmin, saveUserActivityAdmin, checkUserActivityAdmin, getListRegisterdChallengeForUser, getUserCyclistClassificationForUser."}}
[debug] [2024-05-21T14:53:13.522Z] addAuthTrigger {"eventTrigger":{"eventType":"providers/firebase.auth/eventTypes/user.create","resource":"projects/cycletowork-f0eac"}}
[info] +  functions[europe-west3-onCreateUser]: auth function initialized. {"metadata":{"emulator":{"name":"functions"},"message":"\u001b[1mauth\u001b[22m function initialized."}}
[debug] [2024-05-21T14:53:13.523Z] addStorageTrigger {"eventTrigger":{"eventType":"google.storage.object.finalize","resource":"projects/_/buckets/cycletowork-f0eac.appspot.com"}}
[info] +  functions[europe-west3-onCreateUserPhoto]: storage function initialized. {"metadata":{"emulator":{"name":"functions"},"message":"\u001b[1mstorage\u001b[22m function initialized."}}
[info] i  functions[europe-west3-scheduledFunction]: function ignored because the pubsub emulator does not exist or is not running. {"metadata":{"emulator":{"name":"functions"},"message":"function ignored because the pubsub emulator does not exist or is not running."}}
[info] i  functions[europe-west3-updateCompanyPercentRegistered]: function ignored because the firestore emulator does not exist or is not running. {"metadata":{"emulator":{"name":"functions"},"message":"function ignored because the firestore emulator does not exist or is not running."}}
[info] +  functions[europe-west3-deleteAccount]: http function initialized (http://127.0.0.1:5001/cycletowork-f0eac/europe-west3/deleteAccount). {"metadata":{"emulator":{"name":"functions"},"message":"\u001b[1mhttp\u001b[22m function initialized (http://127.0.0.1:5001/cycletowork-f0eac/europe-west3/deleteAccount)."}}
[info] +  functions[europe-west3-saveDeviceToken]: http function initialized (http://127.0.0.1:5001/cycletowork-f0eac/europe-west3/saveDeviceToken). {"metadata":{"emulator":{"name":"functions"},"message":"\u001b[1mhttp\u001b[22m function initialized (http://127.0.0.1:5001/cycletowork-f0eac/europe-west3/saveDeviceToken)."}}
[info] +  functions[europe-west3-removeDeviceToken]: http function initialized (http://127.0.0.1:5001/cycletowork-f0eac/europe-west3/removeDeviceToken). {"metadata":{"emulator":{"name":"functions"},"message":"\u001b[1mhttp\u001b[22m function initialized (http://127.0.0.1:5001/cycletowork-f0eac/europe-west3/removeDeviceToken)."}}
[info] +  functions[europe-west3-getUserInfo]: http function initialized (http://127.0.0.1:5001/cycletowork-f0eac/europe-west3/getUserInfo). {"metadata":{"emulator":{"name":"functions"},"message":"\u001b[1mhttp\u001b[22m function initialized (http://127.0.0.1:5001/cycletowork-f0eac/europe-west3/getUserInfo)."}}
[info] +  functions[europe-west3-saveCompany]: http function initialized (http://127.0.0.1:5001/cycletowork-f0eac/europe-west3/saveCompany). {"metadata":{"emulator":{"name":"functions"},"message":"\u001b[1mhttp\u001b[22m function initialized (http://127.0.0.1:5001/cycletowork-f0eac/europe-west3/saveCompany)."}}
[info] +  functions[europe-west3-getCompanyListNameSearchForChalleng]: http function initialized (http://127.0.0.1:5001/cycletowork-f0eac/europe-west3/getCompanyListNameSearchForChalleng). {"metadata":{"emulator":{"name":"functions"},"message":"\u001b[1mhttp\u001b[22m function initialized (http://127.0.0.1:5001/cycletowork-f0eac/europe-west3/getCompanyListNameSearchForChalleng)."}}
[info] +  functions[europe-west3-getCompanyFromName]: http function initialized (http://127.0.0.1:5001/cycletowork-f0eac/europe-west3/getCompanyFromName). {"metadata":{"emulator":{"name":"functions"},"message":"\u001b[1mhttp\u001b[22m function initialized (http://127.0.0.1:5001/cycletowork-f0eac/europe-west3/getCompanyFromName)."}}
[info] +  functions[europe-west3-getCompanyFromNameInChallenge]: http function initialized (http://127.0.0.1:5001/cycletowork-f0eac/europe-west3/getCompanyFromNameInChallenge). {"metadata":{"emulator":{"name":"functions"},"message":"\u001b[1mhttp\u001b[22m function initialized (http://127.0.0.1:5001/cycletowork-f0eac/europe-west3/getCompanyFromNameInChallenge)."}}
[info] +  functions[europe-west3-getCompanyListForChallenge]: http function initialized (http://127.0.0.1:5001/cycletowork-f0eac/europe-west3/getCompanyListForChallenge). {"metadata":{"emulator":{"name":"functions"},"message":"\u001b[1mhttp\u001b[22m function initialized (http://127.0.0.1:5001/cycletowork-f0eac/europe-west3/getCompanyListForChallenge)."}}
[info] +  functions[europe-west3-getCompanyList]: http function initialized (http://127.0.0.1:5001/cycletowork-f0eac/europe-west3/getCompanyList). {"metadata":{"emulator":{"name":"functions"},"message":"\u001b[1mhttp\u001b[22m function initialized (http://127.0.0.1:5001/cycletowork-f0eac/europe-west3/getCompanyList)."}}
[info] +  functions[europe-west3-getSurveyList]: http function initialized (http://127.0.0.1:5001/cycletowork-f0eac/europe-west3/getSurveyList). {"metadata":{"emulator":{"name":"functions"},"message":"\u001b[1mhttp\u001b[22m function initialized (http://127.0.0.1:5001/cycletowork-f0eac/europe-west3/getSurveyList)."}}
[info] +  functions[europe-west3-getActiveChallengeList]: http function initialized (http://127.0.0.1:5001/cycletowork-f0eac/europe-west3/getActiveChallengeList). {"metadata":{"emulator":{"name":"functions"},"message":"\u001b[1mhttp\u001b[22m function initialized (http://127.0.0.1:5001/cycletowork-f0eac/europe-west3/getActiveChallengeList)."}}
[info] +  functions[europe-west3-saveSurveyResponse]: http function initialized (http://127.0.0.1:5001/cycletowork-f0eac/europe-west3/saveSurveyResponse). {"metadata":{"emulator":{"name":"functions"},"message":"\u001b[1mhttp\u001b[22m function initialized (http://127.0.0.1:5001/cycletowork-f0eac/europe-west3/saveSurveyResponse)."}}
[info] +  functions[europe-west3-sendEmailVerificationCode]: http function initialized (http://127.0.0.1:5001/cycletowork-f0eac/europe-west3/sendEmailVerificationCode). {"metadata":{"emulator":{"name":"functions"},"message":"\u001b[1mhttp\u001b[22m function initialized (http://127.0.0.1:5001/cycletowork-f0eac/europe-west3/sendEmailVerificationCode)."}}
[info] +  functions[europe-west3-verifiyEmailCode]: http function initialized (http://127.0.0.1:5001/cycletowork-f0eac/europe-west3/verifiyEmailCode). {"metadata":{"emulator":{"name":"functions"},"message":"\u001b[1mhttp\u001b[22m function initialized (http://127.0.0.1:5001/cycletowork-f0eac/europe-west3/verifiyEmailCode)."}}
[info] +  functions[europe-west3-registerChallenge]: http function initialized (http://127.0.0.1:5001/cycletowork-f0eac/europe-west3/registerChallenge). {"metadata":{"emulator":{"name":"functions"},"message":"\u001b[1mhttp\u001b[22m function initialized (http://127.0.0.1:5001/cycletowork-f0eac/europe-west3/registerChallenge)."}}
[info] +  functions[europe-west3-saveUserActivity]: http function initialized (http://127.0.0.1:5001/cycletowork-f0eac/europe-west3/saveUserActivity). {"metadata":{"emulator":{"name":"functions"},"message":"\u001b[1mhttp\u001b[22m function initialized (http://127.0.0.1:5001/cycletowork-f0eac/europe-west3/saveUserActivity)."}}
[info] +  functions[europe-west3-saveUserActivityLocationData]: http function initialized (http://127.0.0.1:5001/cycletowork-f0eac/europe-west3/saveUserActivityLocationData). {"metadata":{"emulator":{"name":"functions"},"message":"\u001b[1mhttp\u001b[22m function initialized (http://127.0.0.1:5001/cycletowork-f0eac/europe-west3/saveUserActivityLocationData)."}}
[info] +  functions[europe-west3-getListUserActivity]: http function initialized (http://127.0.0.1:5001/cycletowork-f0eac/europe-west3/getListUserActivity). {"metadata":{"emulator":{"name":"functions"},"message":"\u001b[1mhttp\u001b[22m function initialized (http://127.0.0.1:5001/cycletowork-f0eac/europe-west3/getListUserActivity)."}}
[info] +  functions[europe-west3-getListActiveRegisterdChallenge]: http function initialized (http://127.0.0.1:5001/cycletowork-f0eac/europe-west3/getListActiveRegisterdChallenge). {"metadata":{"emulator":{"name":"functions"},"message":"\u001b[1mhttp\u001b[22m function initialized (http://127.0.0.1:5001/cycletowork-f0eac/europe-west3/getListActiveRegisterdChallenge)."}}
[info] +  functions[europe-west3-getListCyclistClassificationByRankingCo2]: http function initialized (http://127.0.0.1:5001/cycletowork-f0eac/europe-west3/getListCyclistClassificationByRankingCo2). {"metadata":{"emulator":{"name":"functions"},"message":"\u001b[1mhttp\u001b[22m function initialized (http://127.0.0.1:5001/cycletowork-f0eac/europe-west3/getListCyclistClassificationByRankingCo2)."}}
[info] +  functions[europe-west3-getListCompanyClassificationByRankingCo2]: http function initialized (http://127.0.0.1:5001/cycletowork-f0eac/europe-west3/getListCompanyClassificationByRankingCo2). {"metadata":{"emulator":{"name":"functions"},"message":"\u001b[1mhttp\u001b[22m function initialized (http://127.0.0.1:5001/cycletowork-f0eac/europe-west3/getListCompanyClassificationByRankingCo2)."}}
[info] +  functions[europe-west3-getListCompanyClassificationByRankingPercentRegistered]: http function initialized (http://127.0.0.1:5001/cycletowork-f0eac/europe-west3/getListCompanyClassificationByRankingPercentRegistered). {"metadata":{"emulator":{"name":"functions"},"message":"\u001b[1mhttp\u001b[22m function initialized (http://127.0.0.1:5001/cycletowork-f0eac/europe-west3/getListCompanyClassificationByRankingPercentRegistered)."}}
[info] +  functions[europe-west3-getListDepartmentClassificationByRankingCo2]: http function initialized (http://127.0.0.1:5001/cycletowork-f0eac/europe-west3/getListDepartmentClassificationByRankingCo2). {"metadata":{"emulator":{"name":"functions"},"message":"\u001b[1mhttp\u001b[22m function initialized (http://127.0.0.1:5001/cycletowork-f0eac/europe-west3/getListDepartmentClassificationByRankingCo2)."}}
[info] +  functions[europe-west3-getChallengeRegistryFromBusinessEmail]: http function initialized (http://127.0.0.1:5001/cycletowork-f0eac/europe-west3/getChallengeRegistryFromBusinessEmail). {"metadata":{"emulator":{"name":"functions"},"message":"\u001b[1mhttp\u001b[22m function initialized (http://127.0.0.1:5001/cycletowork-f0eac/europe-west3/getChallengeRegistryFromBusinessEmail)."}}
[info] +  functions[europe-west3-getUserCyclistClassification]: http function initialized (http://127.0.0.1:5001/cycletowork-f0eac/europe-west3/getUserCyclistClassification). {"metadata":{"emulator":{"name":"functions"},"message":"\u001b[1mhttp\u001b[22m function initialized (http://127.0.0.1:5001/cycletowork-f0eac/europe-west3/getUserCyclistClassification)."}}
[info] +  functions[europe-west3-getUserCompanyClassification]: http function initialized (http://127.0.0.1:5001/cycletowork-f0eac/europe-west3/getUserCompanyClassification). {"metadata":{"emulator":{"name":"functions"},"message":"\u001b[1mhttp\u001b[22m function initialized (http://127.0.0.1:5001/cycletowork-f0eac/europe-west3/getUserCompanyClassification)."}}
[info] +  functions[europe-west3-getUserDepartmentClassification]: http function initialized (http://127.0.0.1:5001/cycletowork-f0eac/europe-west3/getUserDepartmentClassification). {"metadata":{"emulator":{"name":"functions"},"message":"\u001b[1mhttp\u001b[22m function initialized (http://127.0.0.1:5001/cycletowork-f0eac/europe-west3/getUserDepartmentClassification)."}}
[info] +  functions[europe-west3-getListRegisterdChallenge]: http function initialized (http://127.0.0.1:5001/cycletowork-f0eac/europe-west3/getListRegisterdChallenge). {"metadata":{"emulator":{"name":"functions"},"message":"\u001b[1mhttp\u001b[22m function initialized (http://127.0.0.1:5001/cycletowork-f0eac/europe-west3/getListRegisterdChallenge)."}}
[info] +  functions[europe-west3-updateUserInfo]: http function initialized (http://127.0.0.1:5001/cycletowork-f0eac/europe-west3/updateUserInfo). {"metadata":{"emulator":{"name":"functions"},"message":"\u001b[1mhttp\u001b[22m function initialized (http://127.0.0.1:5001/cycletowork-f0eac/europe-west3/updateUserInfo)."}}
[info] +  functions[europe-west3-updateUserInfoInChallenge]: http function initialized (http://127.0.0.1:5001/cycletowork-f0eac/europe-west3/updateUserInfoInChallenge). {"metadata":{"emulator":{"name":"functions"},"message":"\u001b[1mhttp\u001b[22m function initialized (http://127.0.0.1:5001/cycletowork-f0eac/europe-west3/updateUserInfoInChallenge)."}}
[info] +  functions[europe-west3-getListUserAdmin]: http function initialized (http://127.0.0.1:5001/cycletowork-f0eac/europe-west3/getListUserAdmin). {"metadata":{"emulator":{"name":"functions"},"message":"\u001b[1mhttp\u001b[22m function initialized (http://127.0.0.1:5001/cycletowork-f0eac/europe-west3/getListUserAdmin)."}}
[info] +  functions[europe-west3-getUserInfoAdmin]: http function initialized (http://127.0.0.1:5001/cycletowork-f0eac/europe-west3/getUserInfoAdmin). {"metadata":{"emulator":{"name":"functions"},"message":"\u001b[1mhttp\u001b[22m function initialized (http://127.0.0.1:5001/cycletowork-f0eac/europe-west3/getUserInfoAdmin)."}}
[info] +  functions[europe-west3-setAdminUser]: http function initialized (http://127.0.0.1:5001/cycletowork-f0eac/europe-west3/setAdminUser). {"metadata":{"emulator":{"name":"functions"},"message":"\u001b[1mhttp\u001b[22m function initialized (http://127.0.0.1:5001/cycletowork-f0eac/europe-west3/setAdminUser)."}}
[info] +  functions[europe-west3-verifyUserAdmin]: http function initialized (http://127.0.0.1:5001/cycletowork-f0eac/europe-west3/verifyUserAdmin). {"metadata":{"emulator":{"name":"functions"},"message":"\u001b[1mhttp\u001b[22m function initialized (http://127.0.0.1:5001/cycletowork-f0eac/europe-west3/verifyUserAdmin)."}}
[info] +  functions[europe-west3-verifyCompanyAdmin]: http function initialized (http://127.0.0.1:5001/cycletowork-f0eac/europe-west3/verifyCompanyAdmin). {"metadata":{"emulator":{"name":"functions"},"message":"\u001b[1mhttp\u001b[22m function initialized (http://127.0.0.1:5001/cycletowork-f0eac/europe-west3/verifyCompanyAdmin)."}}
[info] +  functions[europe-west3-updateCompanyAdmin]: http function initialized (http://127.0.0.1:5001/cycletowork-f0eac/europe-west3/updateCompanyAdmin). {"metadata":{"emulator":{"name":"functions"},"message":"\u001b[1mhttp\u001b[22m function initialized (http://127.0.0.1:5001/cycletowork-f0eac/europe-west3/updateCompanyAdmin)."}}
[info] +  functions[europe-west3-saveSurveyAdmin]: http function initialized (http://127.0.0.1:5001/cycletowork-f0eac/europe-west3/saveSurveyAdmin). {"metadata":{"emulator":{"name":"functions"},"message":"\u001b[1mhttp\u001b[22m function initialized (http://127.0.0.1:5001/cycletowork-f0eac/europe-west3/saveSurveyAdmin)."}}
[info] +  functions[europe-west3-saveChallengeAdmin]: http function initialized (http://127.0.0.1:5001/cycletowork-f0eac/europe-west3/saveChallengeAdmin). {"metadata":{"emulator":{"name":"functions"},"message":"\u001b[1mhttp\u001b[22m function initialized (http://127.0.0.1:5001/cycletowork-f0eac/europe-west3/saveChallengeAdmin)."}}
[info] +  functions[europe-west3-getChallengeListAdmin]: http function initialized (http://127.0.0.1:5001/cycletowork-f0eac/europe-west3/getChallengeListAdmin). {"metadata":{"emulator":{"name":"functions"},"message":"\u001b[1mhttp\u001b[22m function initialized (http://127.0.0.1:5001/cycletowork-f0eac/europe-west3/getChallengeListAdmin)."}}
[info] +  functions[europe-west3-publishChallengeAdmin]: http function initialized (http://127.0.0.1:5001/cycletowork-f0eac/europe-west3/publishChallengeAdmin). {"metadata":{"emulator":{"name":"functions"},"message":"\u001b[1mhttp\u001b[22m function initialized (http://127.0.0.1:5001/cycletowork-f0eac/europe-west3/publishChallengeAdmin)."}}
[info] +  functions[europe-west3-saveUserActivityAdmin]: http function initialized (http://127.0.0.1:5001/cycletowork-f0eac/europe-west3/saveUserActivityAdmin). {"metadata":{"emulator":{"name":"functions"},"message":"\u001b[1mhttp\u001b[22m function initialized (http://127.0.0.1:5001/cycletowork-f0eac/europe-west3/saveUserActivityAdmin)."}}
[info] +  functions[europe-west3-checkUserActivityAdmin]: http function initialized (http://127.0.0.1:5001/cycletowork-f0eac/europe-west3/checkUserActivityAdmin). {"metadata":{"emulator":{"name":"functions"},"message":"\u001b[1mhttp\u001b[22m function initialized (http://127.0.0.1:5001/cycletowork-f0eac/europe-west3/checkUserActivityAdmin)."}}
[info] +  functions[europe-west3-getListRegisterdChallengeForUser]: http function initialized (http://127.0.0.1:5001/cycletowork-f0eac/europe-west3/getListRegisterdChallengeForUser). {"metadata":{"emulator":{"name":"functions"},"message":"\u001b[1mhttp\u001b[22m function initialized (http://127.0.0.1:5001/cycletowork-f0eac/europe-west3/getListRegisterdChallengeForUser)."}}
[info] +  functions[europe-west3-getUserCyclistClassificationForUser]: http function initialized (http://127.0.0.1:5001/cycletowork-f0eac/europe-west3/getUserCyclistClassificationForUser). {"metadata":{"emulator":{"name":"functions"},"message":"\u001b[1mhttp\u001b[22m function initialized (http://127.0.0.1:5001/cycletowork-f0eac/europe-west3/getUserCyclistClassificationForUser)."}}
[info] 

   All emulators ready! It is now safe to connect your app. 
 i  View Emulator UI at http://127.0.0.1:4000/               



 Emulator   Host:Port       View in Emulator UI             

 Functions  127.0.0.1:5001  http://127.0.0.1:4000/functions 

  Emulator Hub running at 127.0.0.1:4400
  Other reserved ports: 4500

Issues? Report them at https://github.com/firebase/firebase-tools/issues and attach the *-debug.log files.
 
[debug] [2024-05-21T16:00:51.779Z] File C:\Users\Mattia\Progetti\wlp2s0\cycletowork\server_app\functions\package.json changed, reloading triggers {"metadata":{"emulator":{"name":"functions"},"message":"File C:\\Users\\Mattia\\Progetti\\wlp2s0\\cycletowork\\server_app\\functions\\package.json changed, reloading triggers"}}
[debug] [2024-05-21T16:00:52.792Z] Validating nodejs source
[warn] !  functions: package.json indicates an outdated version of firebase-functions. Please upgrade using npm install --save firebase-functions@latest in your functions directory. 
[warn] !  functions: Please note that there will be breaking changes when you upgrade. 
[debug] [2024-05-21T16:00:54.114Z] > [functions] package.json contents: {
  "name": "functions",
  "description": "Cloud Functions for Firebase",
  "version": "1.0.0",
  "scripts": {
    "serve": "firebase emulators:start --only functions",
    "shell": "firebase functions:shell",
    "start": "npm run shell",
    "deploy": "firebase deploy --only functions",
    "logs": "firebase functions:log"
  },
  "engines": {
    "node": "18"
  },
  "main": "index.js",
  "dependencies": {
    "@elastic/elasticsearch": "^8.2.1",
    "@sendgrid/mail": "^7.7.0",
    "firebase-admin": "^11.2.0",
    "firebase-functions": "^4.0.2",
    "firebase-tools": "^11.16.0",
    "uuid": "^8.3.2"
  },
  "devDependencies": {
    "firebase-functions-test": "^3.0.0"
  },
  "private": true
}
[debug] [2024-05-21T16:00:54.114Z] Building nodejs source
[debug] [2024-05-21T16:00:54.114Z] Failed to find version of module node: reached end of search path C:\Users\Mattia\Progetti\wlp2s0\cycletowork\server_app\functions\node_modules
[info] +  functions: Using node@18 from host. 
[debug] [2024-05-21T16:00:54.115Z] Could not find functions.yaml. Must use http discovery
[debug] [2024-05-21T16:00:54.122Z] Found firebase-functions binary at 'C:\Users\Mattia\Progetti\wlp2s0\cycletowork\server_app\functions\node_modules\.bin\firebase-functions'
[debug] [2024-05-21T16:00:54.309Z] Serving at port 8378

[debug] [2024-05-21T16:00:56.478Z] Got response from /__/functions.yaml {"endpoints":{"onCreateUser":{"platform":"gcfv1","availableMemoryMb":null,"timeoutSeconds":null,"minInstances":null,"maxInstances":null,"ingressSettings":null,"serviceAccountEmail":null,"vpc":null,"region":["europe-west3"],"eventTrigger":{"eventType":"providers/firebase.auth/eventTypes/user.create","eventFilters":{"resource":"projects/cycletowork-f0eac"},"retry":false},"labels":{},"entryPoint":"onCreateUser"},"onCreateUserPhoto":{"platform":"gcfv1","availableMemoryMb":null,"timeoutSeconds":null,"minInstances":null,"maxInstances":null,"ingressSettings":null,"serviceAccountEmail":null,"vpc":null,"region":["europe-west3"],"eventTrigger":{"eventType":"google.storage.object.finalize","eventFilters":{"resource":"projects/_/buckets/cycletowork-f0eac.appspot.com"},"retry":false},"labels":{},"entryPoint":"onCreateUserPhoto"},"scheduledFunction":{"platform":"gcfv1","availableMemoryMb":2048,"timeoutSeconds":540,"minInstances":null,"maxInstances":null,"ingressSettings":null,"serviceAccountEmail":null,"vpc":null,"region":["europe-west3"],"scheduleTrigger":{"schedule":"every 15 minutes","timeZone":null,"retryConfig":{"retryCount":null,"maxDoublings":null,"maxRetryDuration":null,"maxBackoffDuration":null,"minBackoffDuration":null}},"labels":{},"entryPoint":"scheduledFunction"},"updateCompanyPercentRegistered":{"platform":"gcfv1","availableMemoryMb":null,"timeoutSeconds":null,"minInstances":null,"maxInstances":null,"ingressSettings":null,"serviceAccountEmail":null,"vpc":null,"region":["europe-west3"],"eventTrigger":{"eventType":"providers/cloud.firestore/eventTypes/document.update","eventFilters":{"resource":"projects/cycletowork-f0eac/databases/(default)/documents/challenges/{challengeId}/{companySizeCategory}/{documentId}"},"retry":false},"labels":{},"entryPoint":"updateCompanyPercentRegistered"},"deleteAccount":{"platform":"gcfv1","labels":{},"availableMemoryMb":null,"timeoutSeconds":null,"minInstances":null,"maxInstances":null,"ingressSettings":null,"serviceAccountEmail":null,"vpc":null,"region":["europe-west3"],"callableTrigger":{},"entryPoint":"deleteAccount"},"saveDeviceToken":{"platform":"gcfv1","labels":{},"availableMemoryMb":null,"timeoutSeconds":null,"minInstances":null,"maxInstances":null,"ingressSettings":null,"serviceAccountEmail":null,"vpc":null,"region":["europe-west3"],"callableTrigger":{},"entryPoint":"saveDeviceToken"},"removeDeviceToken":{"platform":"gcfv1","labels":{},"availableMemoryMb":null,"timeoutSeconds":null,"minInstances":null,"maxInstances":null,"ingressSettings":null,"serviceAccountEmail":null,"vpc":null,"region":["europe-west3"],"callableTrigger":{},"entryPoint":"removeDeviceToken"},"getUserInfo":{"platform":"gcfv1","labels":{},"availableMemoryMb":null,"timeoutSeconds":null,"minInstances":null,"maxInstances":null,"ingressSettings":null,"serviceAccountEmail":null,"vpc":null,"region":["europe-west3"],"callableTrigger":{},"entryPoint":"getUserInfo"},"saveCompany":{"platform":"gcfv1","labels":{},"availableMemoryMb":null,"timeoutSeconds":null,"minInstances":null,"maxInstances":null,"ingressSettings":null,"serviceAccountEmail":null,"vpc":null,"region":["europe-west3"],"callableTrigger":{},"entryPoint":"saveCompany"},"getCompanyListNameSearchForChalleng":{"platform":"gcfv1","labels":{},"availableMemoryMb":null,"timeoutSeconds":null,"minInstances":null,"maxInstances":null,"ingressSettings":null,"serviceAccountEmail":null,"vpc":null,"region":["europe-west3"],"callableTrigger":{},"entryPoint":"getCompanyListNameSearchForChalleng"},"getCompanyFromName":{"platform":"gcfv1","labels":{},"availableMemoryMb":null,"timeoutSeconds":null,"minInstances":null,"maxInstances":null,"ingressSettings":null,"serviceAccountEmail":null,"vpc":null,"region":["europe-west3"],"callableTrigger":{},"entryPoint":"getCompanyFromName"},"getCompanyFromNameInChallenge":{"platform":"gcfv1","labels":{},"availableMemoryMb":null,"timeoutSeconds":null,"minInstances":null,"maxInstances":null,"ingressSettings":null,"serviceAccountEmail":null,"vpc":null,"region":["europe-west3"],"callableTrigger":{},"entryPoint":"getCompanyFromNameInChallenge"},"getCompanyListForChallenge":{"platform":"gcfv1","labels":{},"availableMemoryMb":null,"timeoutSeconds":null,"minInstances":null,"maxInstances":null,"ingressSettings":null,"serviceAccountEmail":null,"vpc":null,"region":["europe-west3"],"callableTrigger":{},"entryPoint":"getCompanyListForChallenge"},"getCompanyList":{"platform":"gcfv1","labels":{},"availableMemoryMb":null,"timeoutSeconds":null,"minInstances":null,"maxInstances":null,"ingressSettings":null,"serviceAccountEmail":null,"vpc":null,"region":["europe-west3"],"callableTrigger":{},"entryPoint":"getCompanyList"},"getSurveyList":{"platform":"gcfv1","labels":{},"availableMemoryMb":null,"timeoutSeconds":null,"minInstances":null,"maxInstances":null,"ingressSettings":null,"serviceAccountEmail":null,"vpc":null,"region":["europe-west3"],"callableTrigger":{},"entryPoint":"getSurveyList"},"getActiveChallengeList":{"platform":"gcfv1","labels":{},"availableMemoryMb":null,"timeoutSeconds":null,"minInstances":null,"maxInstances":null,"ingressSettings":null,"serviceAccountEmail":null,"vpc":null,"region":["europe-west3"],"callableTrigger":{},"entryPoint":"getActiveChallengeList"},"saveSurveyResponse":{"platform":"gcfv1","labels":{},"availableMemoryMb":null,"timeoutSeconds":null,"minInstances":null,"maxInstances":null,"ingressSettings":null,"serviceAccountEmail":null,"vpc":null,"region":["europe-west3"],"callableTrigger":{},"entryPoint":"saveSurveyResponse"},"sendEmailVerificationCode":{"platform":"gcfv1","labels":{},"availableMemoryMb":null,"timeoutSeconds":null,"minInstances":null,"maxInstances":null,"ingressSettings":null,"serviceAccountEmail":null,"vpc":null,"region":["europe-west3"],"callableTrigger":{},"entryPoint":"sendEmailVerificationCode"},"verifiyEmailCode":{"platform":"gcfv1","labels":{},"availableMemoryMb":null,"timeoutSeconds":null,"minInstances":null,"maxInstances":null,"ingressSettings":null,"serviceAccountEmail":null,"vpc":null,"region":["europe-west3"],"callableTrigger":{},"entryPoint":"verifiyEmailCode"},"registerChallenge":{"platform":"gcfv1","labels":{},"availableMemoryMb":null,"timeoutSeconds":null,"minInstances":null,"maxInstances":null,"ingressSettings":null,"serviceAccountEmail":null,"vpc":null,"region":["europe-west3"],"callableTrigger":{},"entryPoint":"registerChallenge"},"saveUserActivity":{"platform":"gcfv1","labels":{},"availableMemoryMb":null,"timeoutSeconds":null,"minInstances":null,"maxInstances":null,"ingressSettings":null,"serviceAccountEmail":null,"vpc":null,"region":["europe-west3"],"callableTrigger":{},"entryPoint":"saveUserActivity"},"saveUserActivityLocationData":{"platform":"gcfv1","labels":{},"availableMemoryMb":null,"timeoutSeconds":null,"minInstances":null,"maxInstances":null,"ingressSettings":null,"serviceAccountEmail":null,"vpc":null,"region":["europe-west3"],"callableTrigger":{},"entryPoint":"saveUserActivityLocationData"},"getListUserActivity":{"platform":"gcfv1","labels":{},"availableMemoryMb":null,"timeoutSeconds":null,"minInstances":null,"maxInstances":null,"ingressSettings":null,"serviceAccountEmail":null,"vpc":null,"region":["europe-west3"],"callableTrigger":{},"entryPoint":"getListUserActivity"},"getListActiveRegisterdChallenge":{"platform":"gcfv1","labels":{},"availableMemoryMb":null,"timeoutSeconds":null,"minInstances":null,"maxInstances":null,"ingressSettings":null,"serviceAccountEmail":null,"vpc":null,"region":["europe-west3"],"callableTrigger":{},"entryPoint":"getListActiveRegisterdChallenge"},"getListCyclistClassificationByRankingCo2":{"platform":"gcfv1","labels":{},"availableMemoryMb":null,"timeoutSeconds":null,"minInstances":null,"maxInstances":null,"ingressSettings":null,"serviceAccountEmail":null,"vpc":null,"region":["europe-west3"],"callableTrigger":{},"entryPoint":"getListCyclistClassificationByRankingCo2"},"getListCompanyClassificationByRankingCo2":{"platform":"gcfv1","labels":{},"availableMemoryMb":null,"timeoutSeconds":null,"minInstances":null,"maxInstances":null,"ingressSettings":null,"serviceAccountEmail":null,"vpc":null,"region":["europe-west3"],"callableTrigger":{},"entryPoint":"getListCompanyClassificationByRankingCo2"},"getListCompanyClassificationByRankingPercentRegistered":{"platform":"gcfv1","labels":{},"availableMemoryMb":null,"timeoutSeconds":null,"minInstances":null,"maxInstances":null,"ingressSettings":null,"serviceAccountEmail":null,"vpc":null,"region":["europe-west3"],"callableTrigger":{},"entryPoint":"getListCompanyClassificationByRankingPercentRegistered"},"getListDepartmentClassificationByRankingCo2":{"platform":"gcfv1","labels":{},"availableMemoryMb":null,"timeoutSeconds":null,"minInstances":null,"maxInstances":null,"ingressSettings":null,"serviceAccountEmail":null,"vpc":null,"region":["europe-west3"],"callableTrigger":{},"entryPoint":"getListDepartmentClassificationByRankingCo2"},"getChallengeRegistryFromBusinessEmail":{"platform":"gcfv1","labels":{},"availableMemoryMb":null,"timeoutSeconds":null,"minInstances":null,"maxInstances":null,"ingressSettings":null,"serviceAccountEmail":null,"vpc":null,"region":["europe-west3"],"callableTrigger":{},"entryPoint":"getChallengeRegistryFromBusinessEmail"},"getUserCyclistClassification":{"platform":"gcfv1","labels":{},"availableMemoryMb":null,"timeoutSeconds":null,"minInstances":null,"maxInstances":null,"ingressSettings":null,"serviceAccountEmail":null,"vpc":null,"region":["europe-west3"],"callableTrigger":{},"entryPoint":"getUserCyclistClassification"},"getUserCompanyClassification":{"platform":"gcfv1","labels":{},"availableMemoryMb":null,"timeoutSeconds":null,"minInstances":null,"maxInstances":null,"ingressSettings":null,"serviceAccountEmail":null,"vpc":null,"region":["europe-west3"],"callableTrigger":{},"entryPoint":"getUserCompanyClassification"},"getUserDepartmentClassification":{"platform":"gcfv1","labels":{},"availableMemoryMb":null,"timeoutSeconds":null,"minInstances":null,"maxInstances":null,"ingressSettings":null,"serviceAccountEmail":null,"vpc":null,"region":["europe-west3"],"callableTrigger":{},"entryPoint":"getUserDepartmentClassification"},"getListRegisterdChallenge":{"platform":"gcfv1","labels":{},"availableMemoryMb":null,"timeoutSeconds":null,"minInstances":null,"maxInstances":null,"ingressSettings":null,"serviceAccountEmail":null,"vpc":null,"region":["europe-west3"],"callableTrigger":{},"entryPoint":"getListRegisterdChallenge"},"updateUserInfo":{"platform":"gcfv1","labels":{},"availableMemoryMb":null,"timeoutSeconds":null,"minInstances":null,"maxInstances":null,"ingressSettings":null,"serviceAccountEmail":null,"vpc":null,"region":["europe-west3"],"callableTrigger":{},"entryPoint":"updateUserInfo"},"updateUserInfoInChallenge":{"platform":"gcfv1","labels":{},"availableMemoryMb":null,"timeoutSeconds":null,"minInstances":null,"maxInstances":null,"ingressSettings":null,"serviceAccountEmail":null,"vpc":null,"region":["europe-west3"],"callableTrigger":{},"entryPoint":"updateUserInfoInChallenge"},"getListUserAdmin":{"platform":"gcfv1","labels":{},"availableMemoryMb":null,"timeoutSeconds":null,"minInstances":null,"maxInstances":null,"ingressSettings":null,"serviceAccountEmail":null,"vpc":null,"region":["europe-west3"],"callableTrigger":{},"entryPoint":"getListUserAdmin"},"getUserInfoAdmin":{"platform":"gcfv1","labels":{},"availableMemoryMb":null,"timeoutSeconds":null,"minInstances":null,"maxInstances":null,"ingressSettings":null,"serviceAccountEmail":null,"vpc":null,"region":["europe-west3"],"callableTrigger":{},"entryPoint":"getUserInfoAdmin"},"setAdminUser":{"platform":"gcfv1","labels":{},"availableMemoryMb":null,"timeoutSeconds":null,"minInstances":null,"maxInstances":null,"ingressSettings":null,"serviceAccountEmail":null,"vpc":null,"region":["europe-west3"],"callableTrigger":{},"entryPoint":"setAdminUser"},"verifyUserAdmin":{"platform":"gcfv1","labels":{},"availableMemoryMb":null,"timeoutSeconds":null,"minInstances":null,"maxInstances":null,"ingressSettings":null,"serviceAccountEmail":null,"vpc":null,"region":["europe-west3"],"callableTrigger":{},"entryPoint":"verifyUserAdmin"},"verifyCompanyAdmin":{"platform":"gcfv1","labels":{},"availableMemoryMb":null,"timeoutSeconds":null,"minInstances":null,"maxInstances":null,"ingressSettings":null,"serviceAccountEmail":null,"vpc":null,"region":["europe-west3"],"callableTrigger":{},"entryPoint":"verifyCompanyAdmin"},"updateCompanyAdmin":{"platform":"gcfv1","labels":{},"availableMemoryMb":null,"timeoutSeconds":null,"minInstances":null,"maxInstances":null,"ingressSettings":null,"serviceAccountEmail":null,"vpc":null,"region":["europe-west3"],"callableTrigger":{},"entryPoint":"updateCompanyAdmin"},"saveSurveyAdmin":{"platform":"gcfv1","labels":{},"availableMemoryMb":null,"timeoutSeconds":null,"minInstances":null,"maxInstances":null,"ingressSettings":null,"serviceAccountEmail":null,"vpc":null,"region":["europe-west3"],"callableTrigger":{},"entryPoint":"saveSurveyAdmin"},"saveChallengeAdmin":{"platform":"gcfv1","labels":{},"availableMemoryMb":null,"timeoutSeconds":null,"minInstances":null,"maxInstances":null,"ingressSettings":null,"serviceAccountEmail":null,"vpc":null,"region":["europe-west3"],"callableTrigger":{},"entryPoint":"saveChallengeAdmin"},"getChallengeListAdmin":{"platform":"gcfv1","labels":{},"availableMemoryMb":null,"timeoutSeconds":null,"minInstances":null,"maxInstances":null,"ingressSettings":null,"serviceAccountEmail":null,"vpc":null,"region":["europe-west3"],"callableTrigger":{},"entryPoint":"getChallengeListAdmin"},"publishChallengeAdmin":{"platform":"gcfv1","labels":{},"availableMemoryMb":null,"timeoutSeconds":null,"minInstances":null,"maxInstances":null,"ingressSettings":null,"serviceAccountEmail":null,"vpc":null,"region":["europe-west3"],"callableTrigger":{},"entryPoint":"publishChallengeAdmin"},"saveUserActivityAdmin":{"platform":"gcfv1","labels":{},"availableMemoryMb":null,"timeoutSeconds":null,"minInstances":null,"maxInstances":null,"ingressSettings":null,"serviceAccountEmail":null,"vpc":null,"region":["europe-west3"],"callableTrigger":{},"entryPoint":"saveUserActivityAdmin"},"checkUserActivityAdmin":{"platform":"gcfv1","labels":{},"availableMemoryMb":null,"timeoutSeconds":250,"minInstances":null,"maxInstances":null,"ingressSettings":null,"serviceAccountEmail":null,"vpc":null,"region":["europe-west3"],"callableTrigger":{},"entryPoint":"checkUserActivityAdmin"},"getListRegisterdChallengeForUser":{"platform":"gcfv1","labels":{},"availableMemoryMb":null,"timeoutSeconds":null,"minInstances":null,"maxInstances":null,"ingressSettings":null,"serviceAccountEmail":null,"vpc":null,"region":["europe-west3"],"callableTrigger":{},"entryPoint":"getListRegisterdChallengeForUser"},"getUserCyclistClassificationForUser":{"platform":"gcfv1","labels":{},"availableMemoryMb":null,"timeoutSeconds":null,"minInstances":null,"maxInstances":null,"ingressSettings":null,"serviceAccountEmail":null,"vpc":null,"region":["europe-west3"],"callableTrigger":{},"entryPoint":"getUserCyclistClassificationForUser"}},"specVersion":"v1alpha1","requiredAPIs":[{"api":"cloudscheduler.googleapis.com","reason":"Needed for scheduled functions."}]}
[debug] [2024-05-21T16:00:56.489Z] shutdown requested via /__/quitquitquit

[info] +  functions: Loaded functions definitions from source: onCreateUser, onCreateUserPhoto, scheduledFunction, updateCompanyPercentRegistered, deleteAccount, saveDeviceToken, removeDeviceToken, getUserInfo, saveCompany, getCompanyListNameSearchForChalleng, getCompanyFromName, getCompanyFromNameInChallenge, getCompanyListForChallenge, getCompanyList, getSurveyList, getActiveChallengeList, saveSurveyResponse, sendEmailVerificationCode, verifiyEmailCode, registerChallenge, saveUserActivity, saveUserActivityLocationData, getListUserActivity, getListActiveRegisterdChallenge, getListCyclistClassificationByRankingCo2, getListCompanyClassificationByRankingCo2, getListCompanyClassificationByRankingPercentRegistered, getListDepartmentClassificationByRankingCo2, getChallengeRegistryFromBusinessEmail, getUserCyclistClassification, getUserCompanyClassification, getUserDepartmentClassification, getListRegisterdChallenge, updateUserInfo, updateUserInfoInChallenge, getListUserAdmin, getUserInfoAdmin, setAdminUser, verifyUserAdmin, verifyCompanyAdmin, updateCompanyAdmin, saveSurveyAdmin, saveChallengeAdmin, getChallengeListAdmin, publishChallengeAdmin, saveUserActivityAdmin, checkUserActivityAdmin, getListRegisterdChallengeForUser, getUserCyclistClassificationForUser. {"metadata":{"emulator":{"name":"functions"},"message":"Loaded functions definitions from source: onCreateUser, onCreateUserPhoto, scheduledFunction, updateCompanyPercentRegistered, deleteAccount, saveDeviceToken, removeDeviceToken, getUserInfo, saveCompany, getCompanyListNameSearchForChalleng, getCompanyFromName, getCompanyFromNameInChallenge, getCompanyListForChallenge, getCompanyList, getSurveyList, getActiveChallengeList, saveSurveyResponse, sendEmailVerificationCode, verifiyEmailCode, registerChallenge, saveUserActivity, saveUserActivityLocationData, getListUserActivity, getListActiveRegisterdChallenge, getListCyclistClassificationByRankingCo2, getListCompanyClassificationByRankingCo2, getListCompanyClassificationByRankingPercentRegistered, getListDepartmentClassificationByRankingCo2, getChallengeRegistryFromBusinessEmail, getUserCyclistClassification, getUserCompanyClassification, getUserDepartmentClassification, getListRegisterdChallenge, updateUserInfo, updateUserInfoInChallenge, getListUserAdmin, getUserInfoAdmin, setAdminUser, verifyUserAdmin, verifyCompanyAdmin, updateCompanyAdmin, saveSurveyAdmin, saveChallengeAdmin, getChallengeListAdmin, publishChallengeAdmin, saveUserActivityAdmin, checkUserActivityAdmin, getListRegisterdChallengeForUser, getUserCyclistClassificationForUser."}}
